1694120711404	geckodriver	INFO	Listening on 127.0.0.1:53747
1694120714498	mozrunner::runner	INFO	Running command: "C:\\Program Files\\Mozilla Firefox\\firefox.exe" "--marionette" "--headless" "--remote-debugging-port" "537 ... "--remote-allow-hosts" "localhost" "-no-remote" "-profile" "C:\\Users\\REIASS~1\\AppData\\Local\\Temp\\rust_mozprofileWS7PEg"
*** You are running in headless mode.
console.warn: services.settings: Ignoring preference override of remote settings server
console.warn: services.settings: Allow by setting MOZ_REMOTE_SETTINGS_DEVTOOLS=1 in the environment
1694120714759	Marionette	INFO	Marionette enabled
Dynamically enable window occlusion 0
1694120714814	Marionette	INFO	Listening on port 53756
WebDriver BiDi listening on ws://127.0.0.1:53748
Read port: 53756
1694120714939	RemoteAgent	WARN	TLS certificate errors will be ignored for this session
[GFX1-]: RenderCompositorSWGL failed mapping default framebuffer, no dt
console.error: ({})
DevTools listening on ws://127.0.0.1:53748/devtools/browser/5f2956f9-b8f8-4408-9a94-d810535c4776
console.warn: LoginRecipes: "Falling back to a synchronous message for: file://."
1694120717222	Marionette	WARN	TimedPromise timed out after 500 ms: stacktrace:
TimedPromise/<@chrome://remote/content/marionette/sync.sys.mjs:221:24
TimedPromise@chrome://remote/content/marionette/sync.sys.mjs:205:10
interaction.flushEventLoop@chrome://remote/content/marionette/interaction.sys.mjs:431:10
webdriverClickElement@chrome://remote/content/marionette/interaction.sys.mjs:180:31
console.warn: LoginRecipes: "Falling back to a synchronous message for: file://."
1694120717933	Marionette	WARN	TimedPromise timed out after 500 ms: stacktrace:
TimedPromise/<@chrome://remote/content/marionette/sync.sys.mjs:221:24
TimedPromise@chrome://remote/content/marionette/sync.sys.mjs:205:10
interaction.flushEventLoop@chrome://remote/content/marionette/interaction.sys.mjs:431:10
webdriverClickElement@chrome://remote/content/marionette/interaction.sys.mjs:180:31
1694120718646	Marionette	WARN	TimedPromise timed out after 500 ms: stacktrace:
TimedPromise/<@chrome://remote/content/marionette/sync.sys.mjs:221:24
TimedPromise@chrome://remote/content/marionette/sync.sys.mjs:205:10
interaction.flushEventLoop@chrome://remote/content/marionette/interaction.sys.mjs:431:10
webdriverClickElement@chrome://remote/content/marionette/interaction.sys.mjs:180:31
1694120719383	Marionette	WARN	TimedPromise timed out after 500 ms: stacktrace:
TimedPromise/<@chrome://remote/content/marionette/sync.sys.mjs:221:24
TimedPromise@chrome://remote/content/marionette/sync.sys.mjs:205:10
interaction.flushEventLoop@chrome://remote/content/marionette/interaction.sys.mjs:431:10
webdriverClickElement@chrome://remote/content/marionette/interaction.sys.mjs:180:31
1694120720101	Marionette	WARN	TimedPromise timed out after 500 ms: stacktrace:
TimedPromise/<@chrome://remote/content/marionette/sync.sys.mjs:221:24
TimedPromise@chrome://remote/content/marionette/sync.sys.mjs:205:10
interaction.flushEventLoop@chrome://remote/content/marionette/interaction.sys.mjs:431:10
webdriverClickElement@chrome://remote/content/marionette/interaction.sys.mjs:180:31
1694120720869	Marionette	WARN	TimedPromise timed out after 500 ms: stacktrace:
TimedPromise/<@chrome://remote/content/marionette/sync.sys.mjs:221:24
TimedPromise@chrome://remote/content/marionette/sync.sys.mjs:205:10
interaction.flushEventLoop@chrome://remote/content/marionette/interaction.sys.mjs:431:10
webdriverClickElement@chrome://remote/content/marionette/interaction.sys.mjs:180:31
1694120721586	Marionette	WARN	TimedPromise timed out after 500 ms: stacktrace:
TimedPromise/<@chrome://remote/content/marionette/sync.sys.mjs:221:24
TimedPromise@chrome://remote/content/marionette/sync.sys.mjs:205:10
interaction.flushEventLoop@chrome://remote/content/marionette/interaction.sys.mjs:431:10
webdriverClickElement@chrome://remote/content/marionette/interaction.sys.mjs:180:31
1694120722324	Marionette	WARN	TimedPromise timed out after 500 ms: stacktrace:
TimedPromise/<@chrome://remote/content/marionette/sync.sys.mjs:221:24
TimedPromise@chrome://remote/content/marionette/sync.sys.mjs:205:10
interaction.flushEventLoop@chrome://remote/content/marionette/interaction.sys.mjs:431:10
webdriverClickElement@chrome://remote/content/marionette/interaction.sys.mjs:180:31
1694120723083	Marionette	WARN	TimedPromise timed out after 500 ms: stacktrace:
TimedPromise/<@chrome://remote/content/marionette/sync.sys.mjs:221:24
TimedPromise@chrome://remote/content/marionette/sync.sys.mjs:205:10
interaction.flushEventLoop@chrome://remote/content/marionette/interaction.sys.mjs:431:10
webdriverClickElement@chrome://remote/content/marionette/interaction.sys.mjs:180:31
1694120723818	Marionette	WARN	TimedPromise timed out after 500 ms: stacktrace:
TimedPromise/<@chrome://remote/content/marionette/sync.sys.mjs:221:24
TimedPromise@chrome://remote/content/marionette/sync.sys.mjs:205:10
interaction.flushEventLoop@chrome://remote/content/marionette/interaction.sys.mjs:431:10
webdriverClickElement@chrome://remote/content/marionette/interaction.sys.mjs:180:31
1694120724536	Marionette	WARN	TimedPromise timed out after 500 ms: stacktrace:
TimedPromise/<@chrome://remote/content/marionette/sync.sys.mjs:221:24
TimedPromise@chrome://remote/content/marionette/sync.sys.mjs:205:10
interaction.flushEventLoop@chrome://remote/content/marionette/interaction.sys.mjs:431:10
webdriverClickElement@chrome://remote/content/marionette/interaction.sys.mjs:180:31
console.warn: LoginRecipes: "Falling back to a synchronous message for: file://."
1694120735730	Marionette	INFO	Stopped listening on port 53756
Dynamically enable window occlusion 1
console.warn: LoginRecipes: "Falling back to a synchronous message for: file://."
console.error: (new Error("Polling for changes failed: NetworkError: Network request failed.", "resource://services-settings/remote-settings.sys.mjs", 324))
1694120748201	addons.xpi	ERROR	System addon update list error Error: Failed downloading XML, status: 0, channelStatus: 2153390067, errorCode: 2, reason: error
console.error: (new Error("SessionFile is closed", "resource:///modules/sessionstore/SessionFile.sys.mjs", 370))
RunWatchdog: Mainthread nested event loops during hang: 
 --- (no nested event loop active)
